# JRE version: Java(TM) SE Runtime Environment (7.0_71-b14) (build 1.7.0_71-b14)
# Java VM: Java HotSpot(TM) 64-Bit Server VM (24.71-b01 mixed mode windows-amd64 compressed oops)
Heap
 PSYoungGen      total 108544K, used 12426K [0x00000000eaa80000, 0x00000000f2900000, 0x0000000100000000)
  eden space 95744K, 0% used [0x00000000eaa80000,0x00000000eaa80000,0x00000000f0800000)
  from space 12800K, 97% used [0x00000000f0c00000,0x00000000f1822a80,0x00000000f1880000)
  to   space 16896K, 0% used [0x00000000f1880000,0x00000000f1880000,0x00000000f2900000)
 ParOldGen       total 42496K, used 36034K [0x00000000c0000000, 0x00000000c2980000, 0x00000000eaa80000)
  object space 42496K, 84% used [0x00000000c0000000,0x00000000c2330b30,0x00000000c2980000)
 PSPermGen       total 39424K, used 39321K [0x00000000b0000000, 0x00000000b2680000, 0x00000000c0000000)
  object space 39424K, 99% used [0x00000000b0000000,0x00000000b26667c0,0x00000000b2680000)
GC Heap History (10 events):
Event: 26.632 GC heap after
Heap after GC invocations=15 (full 0):
 PSYoungGen      total 74752K, used 384K [0x00000000eaa80000, 0x00000000f2280000, 0x0000000100000000)
  eden space 67584K, 0% used [0x00000000eaa80000,0x00000000eaa80000,0x00000000eec80000)
  from space 7168K, 5% used [0x00000000eec80000,0x00000000eece0000,0x00000000ef380000)
  to   space 7168K, 0% used [0x00000000f1b80000,0x00000000f1b80000,0x00000000f2280000)
 ParOldGen       total 42496K, used 12958K [0x00000000c0000000, 0x00000000c2980000, 0x00000000eaa80000)
  object space 42496K, 30% used [0x00000000c0000000,0x00000000c0ca7990,0x00000000c2980000)
 PSPermGen       total 21504K, used 21362K [0x00000000b0000000, 0x00000000b1500000, 0x00000000c0000000)
  object space 21504K, 99% used [0x00000000b0000000,0x00000000b14dc908,0x00000000b1500000)
}
Event: 26.926 GC heap before
{Heap before GC invocations=16 (full 0):
 PSYoungGen      total 74752K, used 67968K [0x00000000eaa80000, 0x00000000f2280000, 0x0000000100000000)
  eden space 67584K, 100% used [0x00000000eaa80000,0x00000000eec80000,0x00000000eec80000)
  from space 7168K, 5% used [0x00000000eec80000,0x00000000eece0000,0x00000000ef380000)
  to   space 7168K, 0% used [0x00000000f1b80000,0x00000000f1b80000,0x00000000f2280000)
 ParOldGen       total 42496K, used 12958K [0x00000000c0000000, 0x00000000c2980000, 0x00000000eaa80000)
  object space 42496K, 30% used [0x00000000c0000000,0x00000000c0ca7990,0x00000000c2980000)
 PSPermGen       total 21504K, used 21380K [0x00000000b0000000, 0x00000000b1500000, 0x00000000c0000000)
  object space 21504K, 99% used [0x00000000b0000000,0x00000000b14e11b0,0x00000000b1500000)
Event: 26.930 GC heap after
Heap after GC invocations=16 (full 0):
 PSYoungGen      total 114688K, used 512K [0x00000000eaa80000, 0x00000000f2180000, 0x0000000100000000)
  eden space 108544K, 0% used [0x00000000eaa80000,0x00000000eaa80000,0x00000000f1480000)
  from space 6144K, 8% used [0x00000000f1b80000,0x00000000f1c00010,0x00000000f2180000)
  to   space 6656K, 0% used [0x00000000f1480000,0x00000000f1480000,0x00000000f1b00000)
 ParOldGen       total 42496K, used 13294K [0x00000000c0000000, 0x00000000c2980000, 0x00000000eaa80000)
  object space 42496K, 31% used [0x00000000c0000000,0x00000000c0cfb9f0,0x00000000c2980000)
 PSPermGen       total 21504K, used 21380K [0x00000000b0000000, 0x00000000b1500000, 0x00000000c0000000)
  object space 21504K, 99% used [0x00000000b0000000,0x00000000b14e11b0,0x00000000b1500000)
}
Event: 40.634 GC heap before
{Heap before GC invocations=17 (full 0):
 PSYoungGen      total 114688K, used 109056K [0x00000000eaa80000, 0x00000000f2180000, 0x0000000100000000)
  eden space 108544K, 100% used [0x00000000eaa80000,0x00000000f1480000,0x00000000f1480000)
  from space 6144K, 8% used [0x00000000f1b80000,0x00000000f1c00010,0x00000000f2180000)
  to   space 6656K, 0% used [0x00000000f1480000,0x00000000f1480000,0x00000000f1b00000)
 ParOldGen       total 42496K, used 13294K [0x00000000c0000000, 0x00000000c2980000, 0x00000000eaa80000)
  object space 42496K, 31% used [0x00000000c0000000,0x00000000c0cfb9f0,0x00000000c2980000)
 PSPermGen       total 28672K, used 28411K [0x00000000b0000000, 0x00000000b1c00000, 0x00000000c0000000)
  object space 28672K, 99% used [0x00000000b0000000,0x00000000b1bbee38,0x00000000b1c00000)
Event: 40.657 GC heap after
Heap after GC invocations=17 (full 0):
 PSYoungGen      total 110592K, used 6625K [0x00000000eaa80000, 0x00000000f2300000, 0x0000000100000000)
  eden space 103936K, 0% used [0x00000000eaa80000,0x00000000eaa80000,0x00000000f1000000)
  from space 6656K, 99% used [0x00000000f1480000,0x00000000f1af87f0,0x00000000f1b00000)
  to   space 8192K, 0% used [0x00000000f1b00000,0x00000000f1b00000,0x00000000f2300000)
 ParOldGen       total 42496K, used 18112K [0x00000000c0000000, 0x00000000c2980000, 0x00000000eaa80000)
  object space 42496K, 42% used [0x00000000c0000000,0x00000000c11b02b0,0x00000000c2980000)
 PSPermGen       total 28672K, used 28411K [0x00000000b0000000, 0x00000000b1c00000, 0x00000000c0000000)
  object space 28672K, 99% used [0x00000000b0000000,0x00000000b1bbee38,0x00000000b1c00000)
}
Event: 51.459 GC heap before
{Heap before GC invocations=18 (full 0):
 PSYoungGen      total 110592K, used 110561K [0x00000000eaa80000, 0x00000000f2300000, 0x0000000100000000)
  eden space 103936K, 100% used [0x00000000eaa80000,0x00000000f1000000,0x00000000f1000000)
  from space 6656K, 99% used [0x00000000f1480000,0x00000000f1af87f0,0x00000000f1b00000)
  to   space 8192K, 0% used [0x00000000f1b00000,0x00000000f1b00000,0x00000000f2300000)
 ParOldGen       total 42496K, used 18112K [0x00000000c0000000, 0x00000000c2980000, 0x00000000eaa80000)
  object space 42496K, 42% used [0x00000000c0000000,0x00000000c11b02b0,0x00000000c2980000)
 PSPermGen       total 35328K, used 35022K [0x00000000b0000000, 0x00000000b2280000, 0x00000000c0000000)
  object space 35328K, 99% used [0x00000000b0000000,0x00000000b2233bc0,0x00000000b2280000)
Event: 51.502 GC heap after
Heap after GC invocations=18 (full 0):
 PSYoungGen      total 108032K, used 8170K [0x00000000eaa80000, 0x00000000f2900000, 0x0000000100000000)
  eden space 99840K, 0% used [0x00000000eaa80000,0x00000000eaa80000,0x00000000f0c00000)
  from space 8192K, 99% used [0x00000000f1b00000,0x00000000f22faa48,0x00000000f2300000)
  to   space 14848K, 0% used [0x00000000f0c00000,0x00000000f0c00000,0x00000000f1a80000)
 ParOldGen       total 42496K, used 28199K [0x00000000c0000000, 0x00000000c2980000, 0x00000000eaa80000)
  object space 42496K, 66% used [0x00000000c0000000,0x00000000c1b89e70,0x00000000c2980000)
 PSPermGen       total 35328K, used 35022K [0x00000000b0000000, 0x00000000b2280000, 0x00000000c0000000)
  object space 35328K, 99% used [0x00000000b0000000,0x00000000b2233bc0,0x00000000b2280000)
}
Event: 56.890 GC heap before
{Heap before GC invocations=19 (full 0):
 PSYoungGen      total 108032K, used 108010K [0x00000000eaa80000, 0x00000000f2900000, 0x0000000100000000)
  eden space 99840K, 100% used [0x00000000eaa80000,0x00000000f0c00000,0x00000000f0c00000)
  from space 8192K, 99% used [0x00000000f1b00000,0x00000000f22faa48,0x00000000f2300000)
  to   space 14848K, 0% used [0x00000000f0c00000,0x00000000f0c00000,0x00000000f1a80000)
 ParOldGen       total 42496K, used 28199K [0x00000000c0000000, 0x00000000c2980000, 0x00000000eaa80000)
  object space 42496K, 66% used [0x00000000c0000000,0x00000000c1b89e70,0x00000000c2980000)
 PSPermGen       total 39424K, used 39321K [0x00000000b0000000, 0x00000000b2680000, 0x00000000c0000000)
  object space 39424K, 99% used [0x00000000b0000000,0x00000000b26667c0,0x00000000b2680000)
Event: 56.960 GC heap after
Heap after GC invocations=19 (full 0):
 PSYoungGen      total 108544K, used 12426K [0x00000000eaa80000, 0x00000000f2900000, 0x0000000100000000)
  eden space 95744K, 0% used [0x00000000eaa80000,0x00000000eaa80000,0x00000000f0800000)
  from space 12800K, 97% used [0x00000000f0c00000,0x00000000f1822a80,0x00000000f1880000)
  to   space 16896K, 0% used [0x00000000f1880000,0x00000000f1880000,0x00000000f2900000)
 ParOldGen       total 42496K, used 36034K [0x00000000c0000000, 0x00000000c2980000, 0x00000000eaa80000)
  object space 42496K, 84% used [0x00000000c0000000,0x00000000c2330b30,0x00000000c2980000)
 PSPermGen       total 39424K, used 39321K [0x00000000b0000000, 0x00000000b2680000, 0x00000000c0000000)
  object space 39424K, 99% used [0x00000000b0000000,0x00000000b26667c0,0x00000000b2680000)
}
Event: 56.984 GC heap before
{Heap before GC invocations=20 (full 1):
 PSYoungGen      total 108544K, used 12426K [0x00000000eaa80000, 0x00000000f2900000, 0x0000000100000000)
  eden space 95744K, 0% used [0x00000000eaa80000,0x00000000eaa80000,0x00000000f0800000)
  from space 12800K, 97% used [0x00000000f0c00000,0x00000000f1822a80,0x00000000f1880000)
  to   space 16896K, 0% used [0x00000000f1880000,0x00000000f1880000,0x00000000f2900000)
 ParOldGen       total 42496K, used 36034K [0x00000000c0000000, 0x00000000c2980000, 0x00000000eaa80000)
  object space 42496K, 84% used [0x00000000c0000000,0x00000000c2330b30,0x00000000c2980000)
 PSPermGen       total 39424K, used 39321K [0x00000000b0000000, 0x00000000b2680000, 0x00000000c0000000)
  object space 39424K, 99% used [0x00000000b0000000,0x00000000b26667c0,0x00000000b2680000)

